<w> [webpack.cache.PackFileCacheStrategy] Serializing big strings (216kiB) impacts deserialization performance (consider using Buffer instead and decode when needed)
 ⨯ ./lib/pricing.ts
Error: 

Caused by:
    0: Failed to read source code from C:\WEB\portfolio\lib\pricing.ts
    1: The system cannot find the file specified. (os error 2)

Import trace for requested module:
./lib/pricing.ts
./lib/pricing-content.ts
./app/pricing/page.tsx
Watchpack Error (initial scan): Error: EINVAL: invalid argument, lstat 'C:\DumpStack.log.tmp'
Watchpack Error (initial scan): Error: EINVAL: invalid argument, lstat 'C:\System Volume Information'
Watchpack Error (initial scan): Error: EINVAL: invalid argument, lstat 'C:\hiberfil.sys'
Watchpack Error (initial scan): Error: EINVAL: invalid argument, lstat 'C:\pagefile.sys'
Watchpack Error (initial scan): Error: EINVAL: invalid argument, lstat 'C:\swapfile.sys'
Watchpack Error (initial scan): Error: EINVAL: invalid argument, lstat 'C:\DumpStack.log.tmp'
Watchpack Error (initial scan): Error: EINVAL: invalid argument, lstat 'C:\System Volume Information'
Watchpack Error (initial scan): Error: EINVAL: invalid argument, lstat 'C:\hiberfil.sys'
Watchpack Error (initial scan): Error: EINVAL: invalid argument, lstat 'C:\pagefile.sys'
Watchpack Error (initial scan): Error: EINVAL: invalid argument, lstat 'C:\swapfile.sys'
 ⨯ ./lib/pricing.ts
Error: 

Caused by:
    0: Failed to read source code from C:\WEB\portfolio\lib\pricing.ts
    1: The system cannot find the file specified. (os error 2)

Import trace for requested module:
./lib/pricing.ts
./lib/pricing-content.ts
./app/pricing/page.tsx
Watchpack Error (initial scan): Error: EINVAL: invalid argument, lstat 'C:\DumpStack.log.tmp'
Watchpack Error (initial scan): Error: EINVAL: invalid argument, lstat 'C:\System Volume Information'
Watchpack Error (initial scan): Error: EINVAL: invalid argument, lstat 'C:\hiberfil.sys'
Watchpack Error (initial scan): Error: EINVAL: invalid argument, lstat 'C:\pagefile.sys'
Watchpack Error (initial scan): Error: EINVAL: invalid argument, lstat 'C:\swapfile.sys'
 ⚠ Fast Refresh had to perform a full reload due to a runtime error.
 ⚠ Fast Refresh had to perform a full reload due to a runtime error.
 ⚠ Fast Refresh had to perform a full reload. Read more: https://nextjs.org/docs/messages/fast-refresh-reload
Watchpack Error (stats): Error: EINVAL: invalid argument, lstat 'C:\pagefile.sys'
Watchpack Error (stats): Error: EINVAL: invalid argument, lstat 'C:\pagefile.sys'
Watchpack Error (stats): Error: EINVAL: invalid argument, lstat 'C:\pagefile.sys'
Watchpack Error (stats): Error: EINVAL: invalid argument, lstat 'C:\pagefile.sys'
Watchpack Error (stats): Error: EINVAL: invalid argument, lstat 'C:\pagefile.sys'
Watchpack Error (stats): Error: EINVAL: invalid argument, lstat 'C:\pagefile.sys'
Watchpack Error (stats): Error: EINVAL: invalid argument, lstat 'C:\pagefile.sys'
Watchpack Error (stats): Error: EINVAL: invalid argument, lstat 'C:\pagefile.sys'
Watchpack Error (stats): Error: EINVAL: invalid argument, lstat 'C:\pagefile.sys'
Watchpack Error (stats): Error: EINVAL: invalid argument, lstat 'C:\pagefile.sys'
Watchpack Error (stats): Error: EINVAL: invalid argument, lstat 'C:\pagefile.sys'
Watchpack Error (stats): Error: EINVAL: invalid argument, lstat 'C:\pagefile.sys'
Watchpack Error (stats): Error: EINVAL: invalid argument, lstat 'C:\pagefile.sys'
Watchpack Error (stats): Error: EINVAL: invalid argument, lstat 'C:\pagefile.sys'
Watchpack Error (stats): Error: EINVAL: invalid argument, lstat 'C:\pagefile.sys'
Watchpack Error (stats): Error: EINVAL: invalid argument, lstat 'C:\pagefile.sys'
Watchpack Error (stats): Error: EINVAL: invalid argument, lstat 'C:\pagefile.sys'
Watchpack Error (stats): Error: EINVAL: invalid argument, lstat 'C:\pagefile.sys'
Watchpack Error (stats): Error: EINVAL: invalid argument, lstat 'C:\pagefile.sys'
Watchpack Error (stats): Error: EINVAL: invalid argument, lstat 'C:\pagefile.sys'
Watchpack Error (stats): Error: EINVAL: invalid argument, lstat 'C:\pagefile.sys'
Watchpack Error (stats): Error: EINVAL: invalid argument, lstat 'C:\pagefile.sys'
Watchpack Error (stats): Error: EINVAL: invalid argument, lstat 'C:\pagefile.sys'
Watchpack Error (stats): Error: EINVAL: invalid argument, lstat 'C:\pagefile.sys'
Watchpack Error (stats): Error: EINVAL: invalid argument, lstat 'C:\pagefile.sys'
Watchpack Error (stats): Error: EINVAL: invalid argument, lstat 'C:\pagefile.sys'
Watchpack Error (stats): Error: EINVAL: invalid argument, lstat 'C:\pagefile.sys'
Watchpack Error (stats): Error: EINVAL: invalid argument, lstat 'C:\pagefile.sys'
Watchpack Error (stats): Error: EINVAL: invalid argument, lstat 'C:\pagefile.sys'
Watchpack Error (stats): Error: EINVAL: invalid argument, lstat 'C:\pagefile.sys'
Watchpack Error (stats): Error: EINVAL: invalid argument, lstat 'C:\pagefile.sys'
Watchpack Error (stats): Error: EINVAL: invalid argument, lstat 'C:\pagefile.sys'
Watchpack Error (stats): Error: EINVAL: invalid argument, lstat 'C:\pagefile.sys'
Watchpack Error (stats): Error: EINVAL: invalid argument, lstat 'C:\pagefile.sys'
Watchpack Error (stats): Error: EINVAL: invalid argument, lstat 'C:\pagefile.sys'
Watchpack Error (stats): Error: EINVAL: invalid argument, lstat 'C:\pagefile.sys'
Watchpack Error (stats): Error: EINVAL: invalid argument, lstat 'C:\pagefile.sys'
Watchpack Error (stats): Error: EINVAL: invalid argument, lstat 'C:\pagefile.sys'
Watchpack Error (stats): Error: EINVAL: invalid argument, lstat 'C:\pagefile.sys'
Watchpack Error (stats): Error: EINVAL: invalid argument, lstat 'C:\pagefile.sys'
Watchpack Error (stats): Error: EINVAL: invalid argument, lstat 'C:\pagefile.sys'
Watchpack Error (stats): Error: EINVAL: invalid argument, lstat 'C:\pagefile.sys'
Watchpack Error (stats): Error: EINVAL: invalid argument, lstat 'C:\pagefile.sys'
Watchpack Error (stats): Error: EINVAL: invalid argument, lstat 'C:\pagefile.sys'
Watchpack Error (stats): Error: EINVAL: invalid argument, lstat 'C:\pagefile.sys'
Watchpack Error (stats): Error: EINVAL: invalid argument, lstat 'C:\pagefile.sys'
Watchpack Error (stats): Error: EINVAL: invalid argument, lstat 'C:\pagefile.sys'
Watchpack Error (stats): Error: EINVAL: invalid argument, lstat 'C:\pagefile.sys'
Watchpack Error (stats): Error: EINVAL: invalid argument, lstat 'C:\pagefile.sys'
Watchpack Error (stats): Error: EINVAL: invalid argument, lstat 'C:\pagefile.sys'
Watchpack Error (stats): Error: EINVAL: invalid argument, lstat 'C:\pagefile.sys'
Watchpack Error (stats): Error: EINVAL: invalid argument, lstat 'C:\pagefile.sys'
Watchpack Error (stats): Error: EINVAL: invalid argument, lstat 'C:\pagefile.sys'
Watchpack Error (stats): Error: EINVAL: invalid argument, lstat 'C:\pagefile.sys'
Watchpack Error (stats): Error: EINVAL: invalid argument, lstat 'C:\pagefile.sys'
Watchpack Error (stats): Error: EINVAL: invalid argument, lstat 'C:\pagefile.sys'
Watchpack Error (stats): Error: EINVAL: invalid argument, lstat 'C:\pagefile.sys'
Watchpack Error (stats): Error: EINVAL: invalid argument, lstat 'C:\pagefile.sys'
Watchpack Error (stats): Error: EINVAL: invalid argument, lstat 'C:\pagefile.sys'
Watchpack Error (stats): Error: EINVAL: invalid argument, lstat 'C:\pagefile.sys'
Watchpack Error (stats): Error: EINVAL: invalid argument, lstat 'C:\pagefile.sys'
Watchpack Error (stats): Error: EINVAL: invalid argument, lstat 'C:\pagefile.sys'
Watchpack Error (stats): Error: EINVAL: invalid argument, lstat 'C:\pagefile.sys'
Watchpack Error (stats): Error: EINVAL: invalid argument, lstat 'C:\pagefile.sys'
Watchpack Error (stats): Error: EINVAL: invalid argument, lstat 'C:\pagefile.sys'
Watchpack Error (stats): Error: EINVAL: invalid argument, lstat 'C:\pagefile.sys'
Watchpack Error (stats): Error: EINVAL: invalid argument, lstat 'C:\pagefile.sys'
Watchpack Error (stats): Error: EINVAL: invalid argument, lstat 'C:\pagefile.sys'
Watchpack Error (stats): Error: EINVAL: invalid argument, lstat 'C:\pagefile.sys'
Watchpack Error (stats): Error: EINVAL: invalid argument, lstat 'C:\pagefile.sys'
Watchpack Error (stats): Error: EINVAL: invalid argument, lstat 'C:\pagefile.sys'
Watchpack Error (stats): Error: EINVAL: invalid argument, lstat 'C:\pagefile.sys'
Watchpack Error (stats): Error: EINVAL: invalid argument, lstat 'C:\pagefile.sys'
Watchpack Error (stats): Error: EINVAL: invalid argument, lstat 'C:\pagefile.sys'
Watchpack Error (stats): Error: EINVAL: invalid argument, lstat 'C:\pagefile.sys'
 ⨯ ./components/contact-form.tsx
Error: 

Caused by:
    0: Failed to read source code from C:\WEB\portfolio\components\contact-form.tsx
    1: The system cannot find the file specified. (os error 2)

Import trace for requested module:
./components/contact-form.tsx
 ⨯ ./components/pricing-estimator.tsx
Error: 

Caused by:
    0: Failed to read source code from C:\WEB\portfolio\components\pricing-estimator.tsx
    1: The system cannot find the file specified. (os error 2)

Import trace for requested module:
./components/pricing-estimator.tsx
Watchpack Error (stats): Error: EINVAL: invalid argument, lstat 'C:\pagefile.sys'
Watchpack Error (stats): Error: EINVAL: invalid argument, lstat 'C:\pagefile.sys'
Watchpack Error (stats): Error: EINVAL: invalid argument, lstat 'C:\pagefile.sys'
 ⨯ ./components/animations/reveal.tsx
Error: 

Caused by:
    0: Failed to read source code from C:\WEB\portfolio\components\animations\reveal.tsx
    1: The system cannot find the file specified. (os error 2)

Import trace for requested module:
./components/animations/reveal.tsx
./components/pricing-estimator.tsx
 ⨯ ./components/animations/reveal.tsx
Error: 

Caused by:
    0: Failed to read source code from C:\WEB\portfolio\components\animations\reveal.tsx
    1: The system cannot find the file specified. (os error 2)

Import trace for requested module:
./components/animations/reveal.tsx
./components/pricing-estimator.tsx
 ⨯ ./components/animations/stagger-container.tsx
Error: 

Caused by:
    0: Failed to read source code from C:\WEB\portfolio\components\animations\stagger-container.tsx
    1: The system cannot find the file specified. (os error 2)

Import trace for requested module:
./components/animations/stagger-container.tsx
./app/about/page.tsx
 ⚠ Fast Refresh had to perform a full reload. Read more: https://nextjs.org/docs/messages/fast-refresh-reload
 ⚠ Fast Refresh had to perform a full reload. Read more: https://nextjs.org/docs/messages/fast-refresh-reload
 ⚠ Fast Refresh had to perform a full reload. Read more: https://nextjs.org/docs/messages/fast-refresh-reload
Watchpack Error (stats): Error: EINVAL: invalid argument, lstat 'C:\pagefile.sys'
Watchpack Error (stats): Error: EINVAL: invalid argument, lstat 'C:\pagefile.sys'
Watchpack Error (stats): Error: EINVAL: invalid argument, lstat 'C:\pagefile.sys'
Watchpack Error (stats): Error: EINVAL: invalid argument, lstat 'C:\pagefile.sys'
Watchpack Error (stats): Error: EINVAL: invalid argument, lstat 'C:\pagefile.sys'
Watchpack Error (stats): Error: EINVAL: invalid argument, lstat 'C:\pagefile.sys'
Watchpack Error (stats): Error: EINVAL: invalid argument, lstat 'C:\pagefile.sys'
Watchpack Error (stats): Error: EINVAL: invalid argument, lstat 'C:\pagefile.sys'
Watchpack Error (stats): Error: EINVAL: invalid argument, lstat 'C:\pagefile.sys'
Watchpack Error (stats): Error: EINVAL: invalid argument, lstat 'C:\pagefile.sys'
Watchpack Error (stats): Error: EINVAL: invalid argument, lstat 'C:\pagefile.sys'
Watchpack Error (stats): Error: EINVAL: invalid argument, lstat 'C:\pagefile.sys'
Watchpack Error (stats): Error: EINVAL: invalid argument, lstat 'C:\pagefile.sys'
Watchpack Error (stats): Error: EINVAL: invalid argument, lstat 'C:\pagefile.sys'
Watchpack Error (stats): Error: EINVAL: invalid argument, lstat 'C:\pagefile.sys'
Watchpack Error (stats): Error: EINVAL: invalid argument, lstat 'C:\pagefile.sys'
Watchpack Error (stats): Error: EINVAL: invalid argument, lstat 'C:\pagefile.sys'
Watchpack Error (stats): Error: EINVAL: invalid argument, lstat 'C:\pagefile.sys'
Watchpack Error (stats): Error: EINVAL: invalid argument, lstat 'C:\pagefile.sys'
Watchpack Error (stats): Error: EINVAL: invalid argument, lstat 'C:\pagefile.sys'
Watchpack Error (stats): Error: EINVAL: invalid argument, lstat 'C:\pagefile.sys'
Watchpack Error (stats): Error: EINVAL: invalid argument, lstat 'C:\pagefile.sys'
Watchpack Error (stats): Error: EINVAL: invalid argument, lstat 'C:\pagefile.sys'
Watchpack Error (stats): Error: EINVAL: invalid argument, lstat 'C:\pagefile.sys'
Watchpack Error (stats): Error: EINVAL: invalid argument, lstat 'C:\pagefile.sys'
Watchpack Error (stats): Error: EINVAL: invalid argument, lstat 'C:\pagefile.sys'
Watchpack Error (stats): Error: EINVAL: invalid argument, lstat 'C:\pagefile.sys'
Watchpack Error (stats): Error: EINVAL: invalid argument, lstat 'C:\pagefile.sys'
Watchpack Error (stats): Error: EINVAL: invalid argument, lstat 'C:\pagefile.sys'
Watchpack Error (stats): Error: EINVAL: invalid argument, lstat 'C:\pagefile.sys'
Watchpack Error (stats): Error: EINVAL: invalid argument, lstat 'C:\pagefile.sys'
Watchpack Error (stats): Error: EINVAL: invalid argument, lstat 'C:\pagefile.sys'
Watchpack Error (stats): Error: EINVAL: invalid argument, lstat 'C:\pagefile.sys'
Watchpack Error (stats): Error: EINVAL: invalid argument, lstat 'C:\pagefile.sys'
Watchpack Error (stats): Error: EINVAL: invalid argument, lstat 'C:\pagefile.sys'
Watchpack Error (stats): Error: EINVAL: invalid argument, lstat 'C:\pagefile.sys'
Watchpack Error (stats): Error: EINVAL: invalid argument, lstat 'C:\pagefile.sys'
Watchpack Error (stats): Error: EINVAL: invalid argument, lstat 'C:\pagefile.sys'
Watchpack Error (stats): Error: EINVAL: invalid argument, lstat 'C:\pagefile.sys'
Watchpack Error (stats): Error: EINVAL: invalid argument, lstat 'C:\pagefile.sys'
Watchpack Error (stats): Error: EINVAL: invalid argument, lstat 'C:\pagefile.sys'
Watchpack Error (stats): Error: EINVAL: invalid argument, lstat 'C:\pagefile.sys'
Watchpack Error (stats): Error: EINVAL: invalid argument, lstat 'C:\pagefile.sys'
Watchpack Error (stats): Error: EINVAL: invalid argument, lstat 'C:\pagefile.sys'
Watchpack Error (stats): Error: EINVAL: invalid argument, lstat 'C:\pagefile.sys'
Watchpack Error (stats): Error: EINVAL: invalid argument, lstat 'C:\pagefile.sys'
Watchpack Error (stats): Error: EINVAL: invalid argument, lstat 'C:\pagefile.sys'
Watchpack Error (stats): Error: EINVAL: invalid argument, lstat 'C:\pagefile.sys'
Watchpack Error (stats): Error: EINVAL: invalid argument, lstat 'C:\pagefile.sys'
Watchpack Error (stats): Error: EINVAL: invalid argument, lstat 'C:\pagefile.sys'
Watchpack Error (stats): Error: EINVAL: invalid argument, lstat 'C:\pagefile.sys'
Watchpack Error (stats): Error: EINVAL: invalid argument, lstat 'C:\pagefile.sys'
Watchpack Error (stats): Error: EINVAL: invalid argument, lstat 'C:\pagefile.sys'
Watchpack Error (stats): Error: EINVAL: invalid argument, lstat 'C:\pagefile.sys'
Watchpack Error (stats): Error: EINVAL: invalid argument, lstat 'C:\pagefile.sys'
Watchpack Error (stats): Error: EINVAL: invalid argument, lstat 'C:\pagefile.sys'
Watchpack Error (stats): Error: EINVAL: invalid argument, lstat 'C:\pagefile.sys'
Watchpack Error (stats): Error: EINVAL: invalid argument, lstat 'C:\pagefile.sys'
Watchpack Error (stats): Error: EINVAL: invalid argument, lstat 'C:\pagefile.sys'
Watchpack Error (stats): Error: EINVAL: invalid argument, lstat 'C:\pagefile.sys'
Watchpack Error (stats): Error: EINVAL: invalid argument, lstat 'C:\pagefile.sys'
Watchpack Error (stats): Error: EINVAL: invalid argument, lstat 'C:\pagefile.sys'
Watchpack Error (stats): Error: EINVAL: invalid argument, lstat 'C:\pagefile.sys'
<w> [webpack.cache.PackFileCacheStrategy] Caching failed for pack: Error: ENOENT: no such file or directory, rename 'C:\WEB\portfolio\.next\cache\webpack\client-development\9.pack.gz_' -> 'C:\WEB\portfolio\.next\cache\webpack\client-development\9.pack.gz'
<w> [webpack.cache.PackFileCacheStrategy] Caching failed for pack: Error: ENOENT: no such file or directory, rename 'C:\WEB\portfolio\.next\cache\webpack\client-development\0.pack.gz_' -> 'C:\WEB\portfolio\.next\cache\webpack\client-development\0.pack.gz'
Watchpack Error (stats): Error: EINVAL: invalid argument, lstat 'C:\pagefile.sys'
Watchpack Error (stats): Error: EINVAL: invalid argument, lstat 'C:\pagefile.sys'
Watchpack Error (stats): Error: EINVAL: invalid argument, lstat 'C:\pagefile.sys'
Watchpack Error (stats): Error: EINVAL: invalid argument, lstat 'C:\pagefile.sys'
Watchpack Error (stats): Error: EINVAL: invalid argument, lstat 'C:\pagefile.sys'
Watchpack Error (stats): Error: EINVAL: invalid argument, lstat 'C:\pagefile.sys'
<w> [webpack.cache.PackFileCacheStrategy] Caching failed for pack: Error: unexpected end of file
Watchpack Error (stats): Error: EINVAL: invalid argument, lstat 'C:\pagefile.sys'
Watchpack Error (stats): Error: EINVAL: invalid argument, lstat 'C:\pagefile.sys'
Watchpack Error (stats): Error: EINVAL: invalid argument, lstat 'C:\pagefile.sys'
Watchpack Error (stats): Error: EINVAL: invalid argument, lstat 'C:\pagefile.sys'
Watchpack Error (stats): Error: EINVAL: invalid argument, lstat 'C:\pagefile.sys'
Watchpack Error (stats): Error: EINVAL: invalid argument, lstat 'C:\pagefile.sys'
Watchpack Error (stats): Error: EINVAL: invalid argument, lstat 'C:\pagefile.sys'
Watchpack Error (stats): Error: EINVAL: invalid argument, lstat 'C:\pagefile.sys'
Watchpack Error (stats): Error: EINVAL: invalid argument, lstat 'C:\pagefile.sys'
Watchpack Error (stats): Error: EINVAL: invalid argument, lstat 'C:\pagefile.sys'
Watchpack Error (stats): Error: EINVAL: invalid argument, lstat 'C:\pagefile.sys'
Watchpack Error (stats): Error: EINVAL: invalid argument, lstat 'C:\pagefile.sys'
Watchpack Error (stats): Error: EINVAL: invalid argument, lstat 'C:\pagefile.sys'
Watchpack Error (stats): Error: EINVAL: invalid argument, lstat 'C:\pagefile.sys'
Watchpack Error (stats): Error: EINVAL: invalid argument, lstat 'C:\pagefile.sys'
Watchpack Error (stats): Error: EINVAL: invalid argument, lstat 'C:\pagefile.sys'
Watchpack Error (stats): Error: EINVAL: invalid argument, lstat 'C:\pagefile.sys'
Watchpack Error (stats): Error: EINVAL: invalid argument, lstat 'C:\pagefile.sys'
Watchpack Error (stats): Error: EINVAL: invalid argument, lstat 'C:\pagefile.sys'
Watchpack Error (stats): Error: EINVAL: invalid argument, lstat 'C:\pagefile.sys'
Watchpack Error (stats): Error: EINVAL: invalid argument, lstat 'C:\pagefile.sys'
Watchpack Error (stats): Error: EINVAL: invalid argument, lstat 'C:\pagefile.sys'
Watchpack Error (stats): Error: EINVAL: invalid argument, lstat 'C:\pagefile.sys'
Watchpack Error (stats): Error: EINVAL: invalid argument, lstat 'C:\pagefile.sys'
 ⨯ Error: Cannot find module './331.js'
Require stack:
- C:\WEB\portfolio\.next\server\webpack-runtime.js
- C:\WEB\portfolio\.next\server\app\contact\page.js
- C:\WEB\portfolio\node_modules\next\dist\server\require.js
- C:\WEB\portfolio\node_modules\next\dist\server\load-components.js
- C:\WEB\portfolio\node_modules\next\dist\build\utils.js
- C:\WEB\portfolio\node_modules\next\dist\build\swc\options.js
- C:\WEB\portfolio\node_modules\next\dist\build\swc\index.js
- C:\WEB\portfolio\node_modules\next\dist\build\next-config-ts\transpile-config.js
- C:\WEB\portfolio\node_modules\next\dist\server\config.js
- C:\WEB\portfolio\node_modules\next\dist\server\next.js
- C:\WEB\portfolio\node_modules\next\dist\server\lib\start-server.js
    at <unknown> (C:\WEB\portfolio\.next\server\app\services\page.js:2:12258)
    at Object.<anonymous> (C:\WEB\portfolio\.next\server\app\services\page.js:2:12328) {
  code: 'MODULE_NOT_FOUND',
  requireStack: [Array],
  page: '/services'
}
 ⨯ Error: Cannot find module './611.js'
Require stack:
- C:\WEB\portfolio\.next\server\webpack-runtime.js
- C:\WEB\portfolio\.next\server\app\contact\page.js
- C:\WEB\portfolio\node_modules\next\dist\server\require.js
- C:\WEB\portfolio\node_modules\next\dist\server\load-components.js
- C:\WEB\portfolio\node_modules\next\dist\build\utils.js
- C:\WEB\portfolio\node_modules\next\dist\build\swc\options.js
- C:\WEB\portfolio\node_modules\next\dist\build\swc\index.js
- C:\WEB\portfolio\node_modules\next\dist\build\next-config-ts\transpile-config.js
- C:\WEB\portfolio\node_modules\next\dist\server\config.js
- C:\WEB\portfolio\node_modules\next\dist\server\next.js
- C:\WEB\portfolio\node_modules\next\dist\server\lib\start-server.js
    at <unknown> (C:\WEB\portfolio\.next\server\pages\_document.js:1:325)
    at Object.<anonymous> (C:\WEB\portfolio\.next\server\pages\_document.js:1:371) {
  code: 'MODULE_NOT_FOUND',
  requireStack: [Array]
}
[TypeError: Cannot read properties of undefined (reading '/_app')]
 ⨯ [TypeError: Cannot read properties of undefined (reading '/_app')]
Error: Cannot find module './331.js'
Require stack:
- C:\WEB\portfolio\.next\server\webpack-runtime.js
- C:\WEB\portfolio\.next\server\app\contact\page.js
- C:\WEB\portfolio\node_modules\next\dist\server\require.js
- C:\WEB\portfolio\node_modules\next\dist\server\load-components.js
- C:\WEB\portfolio\node_modules\next\dist\build\utils.js
- C:\WEB\portfolio\node_modules\next\dist\build\swc\options.js
- C:\WEB\portfolio\node_modules\next\dist\build\swc\index.js
- C:\WEB\portfolio\node_modules\next\dist\build\next-config-ts\transpile-config.js
- C:\WEB\portfolio\node_modules\next\dist\server\config.js
- C:\WEB\portfolio\node_modules\next\dist\server\next.js
- C:\WEB\portfolio\node_modules\next\dist\server\lib\start-server.js
    at <unknown> (C:\WEB\portfolio\.next\server\app\services\page.js:2:12258)
    at Object.<anonymous> (C:\WEB\portfolio\.next\server\app\services\page.js:2:12328) {
  code: 'MODULE_NOT_FOUND',
  requireStack: [Array],
  page: '/services'
}
 ⨯ Error: Cannot find module './611.js'
Require stack:
- C:\WEB\portfolio\.next\server\webpack-runtime.js
- C:\WEB\portfolio\.next\server\app\contact\page.js
- C:\WEB\portfolio\node_modules\next\dist\server\require.js
- C:\WEB\portfolio\node_modules\next\dist\server\load-components.js
- C:\WEB\portfolio\node_modules\next\dist\build\utils.js
- C:\WEB\portfolio\node_modules\next\dist\build\swc\options.js
- C:\WEB\portfolio\node_modules\next\dist\build\swc\index.js
- C:\WEB\portfolio\node_modules\next\dist\build\next-config-ts\transpile-config.js
- C:\WEB\portfolio\node_modules\next\dist\server\config.js
- C:\WEB\portfolio\node_modules\next\dist\server\next.js
- C:\WEB\portfolio\node_modules\next\dist\server\lib\start-server.js
    at <unknown> (C:\WEB\portfolio\.next\server\pages\_document.js:1:325)
    at Object.<anonymous> (C:\WEB\portfolio\.next\server\pages\_document.js:1:371) {
  code: 'MODULE_NOT_FOUND',
  requireStack: [Array]
}
[TypeError: Cannot read properties of undefined (reading '/_app')]
 ⨯ [TypeError: Cannot read properties of undefined (reading '/_app')]
[TypeError: Cannot read properties of undefined (reading '/_app')]
Watchpack Error (stats): Error: EINVAL: invalid argument, lstat 'C:\pagefile.sys'
Watchpack Error (stats): Error: EINVAL: invalid argument, lstat 'C:\pagefile.sys'
Watchpack Error (stats): Error: EINVAL: invalid argument, lstat 'C:\pagefile.sys'
Watchpack Error (stats): Error: EINVAL: invalid argument, lstat 'C:\pagefile.sys'
Watchpack Error (stats): Error: EINVAL: invalid argument, lstat 'C:\pagefile.sys'
Watchpack Error (stats): Error: EINVAL: invalid argument, lstat 'C:\pagefile.sys'
Watchpack Error (stats): Error: EINVAL: invalid argument, lstat 'C:\pagefile.sys'
Watchpack Error (stats): Error: EINVAL: invalid argument, lstat 'C:\pagefile.sys'
Watchpack Error (stats): Error: EINVAL: invalid argument, lstat 'C:\pagefile.sys'
Watchpack Error (stats): Error: EINVAL: invalid argument, lstat 'C:\pagefile.sys'
Watchpack Error (stats): Error: EINVAL: invalid argument, lstat 'C:\pagefile.sys'
Watchpack Error (stats): Error: EINVAL: invalid argument, lstat 'C:\pagefile.sys'
Watchpack Error (stats): Error: EINVAL: invalid argument, lstat 'C:\pagefile.sys'
Watchpack Error (stats): Error: EINVAL: invalid argument, lstat 'C:\pagefile.sys'
Watchpack Error (stats): Error: EINVAL: invalid argument, lstat 'C:\pagefile.sys'
Watchpack Error (stats): Error: EINVAL: invalid argument, lstat 'C:\pagefile.sys'
Watchpack Error (stats): Error: EINVAL: invalid argument, lstat 'C:\pagefile.sys'
Watchpack Error (stats): Error: EINVAL: invalid argument, lstat 'C:\pagefile.sys'
Watchpack Error (stats): Error: EINVAL: invalid argument, lstat 'C:\pagefile.sys'
Watchpack Error (stats): Error: EINVAL: invalid argument, lstat 'C:\pagefile.sys'
Watchpack Error (stats): Error: EINVAL: invalid argument, lstat 'C:\pagefile.sys'
Watchpack Error (stats): Error: EINVAL: invalid argument, lstat 'C:\pagefile.sys'
Watchpack Error (stats): Error: EINVAL: invalid argument, lstat 'C:\pagefile.sys'
Watchpack Error (stats): Error: EINVAL: invalid argument, lstat 'C:\pagefile.sys'
Watchpack Error (stats): Error: EINVAL: invalid argument, lstat 'C:\pagefile.sys'
Watchpack Error (stats): Error: EINVAL: invalid argument, lstat 'C:\pagefile.sys'
Watchpack Error (stats): Error: EINVAL: invalid argument, lstat 'C:\pagefile.sys'
Watchpack Error (stats): Error: EINVAL: invalid argument, lstat 'C:\pagefile.sys'
Watchpack Error (stats): Error: EINVAL: invalid argument, lstat 'C:\pagefile.sys'
Watchpack Error (stats): Error: EINVAL: invalid argument, lstat 'C:\pagefile.sys'
Watchpack Error (stats): Error: EINVAL: invalid argument, lstat 'C:\pagefile.sys'
Watchpack Error (stats): Error: EINVAL: invalid argument, lstat 'C:\pagefile.sys'
Watchpack Error (stats): Error: EINVAL: invalid argument, lstat 'C:\pagefile.sys'
Watchpack Error (stats): Error: EINVAL: invalid argument, lstat 'C:\pagefile.sys'
Watchpack Error (stats): Error: EINVAL: invalid argument, lstat 'C:\pagefile.sys'
Watchpack Error (stats): Error: EINVAL: invalid argument, lstat 'C:\pagefile.sys'
Watchpack Error (stats): Error: EINVAL: invalid argument, lstat 'C:\pagefile.sys'
Watchpack Error (stats): Error: EINVAL: invalid argument, lstat 'C:\pagefile.sys'
Watchpack Error (stats): Error: EINVAL: invalid argument, lstat 'C:\pagefile.sys'
Watchpack Error (stats): Error: EINVAL: invalid argument, lstat 'C:\pagefile.sys'
Watchpack Error (stats): Error: EINVAL: invalid argument, lstat 'C:\pagefile.sys'
Watchpack Error (stats): Error: EINVAL: invalid argument, lstat 'C:\pagefile.sys'
Watchpack Error (stats): Error: EINVAL: invalid argument, lstat 'C:\pagefile.sys'
Watchpack Error (stats): Error: EINVAL: invalid argument, lstat 'C:\pagefile.sys'
Watchpack Error (stats): Error: EINVAL: invalid argument, lstat 'C:\pagefile.sys'
Watchpack Error (stats): Error: EINVAL: invalid argument, lstat 'C:\pagefile.sys'
Watchpack Error (stats): Error: EINVAL: invalid argument, lstat 'C:\pagefile.sys'
Watchpack Error (stats): Error: EINVAL: invalid argument, lstat 'C:\pagefile.sys'
Watchpack Error (stats): Error: EINVAL: invalid argument, lstat 'C:\pagefile.sys'
Watchpack Error (stats): Error: EINVAL: invalid argument, lstat 'C:\pagefile.sys'
Watchpack Error (stats): Error: EINVAL: invalid argument, lstat 'C:\pagefile.sys'
Watchpack Error (stats): Error: EINVAL: invalid argument, lstat 'C:\pagefile.sys'
Watchpack Error (stats): Error: EINVAL: invalid argument, lstat 'C:\pagefile.sys'
Watchpack Error (stats): Error: EINVAL: invalid argument, lstat 'C:\pagefile.sys'
Watchpack Error (stats): Error: EINVAL: invalid argument, lstat 'C:\pagefile.sys'
Watchpack Error (stats): Error: EINVAL: invalid argument, lstat 'C:\pagefile.sys'
Watchpack Error (stats): Error: EINVAL: invalid argument, lstat 'C:\pagefile.sys'
Watchpack Error (stats): Error: EINVAL: invalid argument, lstat 'C:\pagefile.sys'
Watchpack Error (stats): Error: EINVAL: invalid argument, lstat 'C:\pagefile.sys'
Watchpack Error (stats): Error: EINVAL: invalid argument, lstat 'C:\pagefile.sys'
Watchpack Error (stats): Error: EINVAL: invalid argument, lstat 'C:\pagefile.sys'
Watchpack Error (stats): Error: EINVAL: invalid argument, lstat 'C:\pagefile.sys'
Watchpack Error (stats): Error: EINVAL: invalid argument, lstat 'C:\pagefile.sys'
Watchpack Error (stats): Error: EINVAL: invalid argument, lstat 'C:\pagefile.sys'
Watchpack Error (stats): Error: EINVAL: invalid argument, lstat 'C:\pagefile.sys'
Watchpack Error (stats): Error: EINVAL: invalid argument, lstat 'C:\pagefile.sys'
Watchpack Error (stats): Error: EINVAL: invalid argument, lstat 'C:\pagefile.sys'
Watchpack Error (stats): Error: EINVAL: invalid argument, lstat 'C:\pagefile.sys'
Watchpack Error (stats): Error: EINVAL: invalid argument, lstat 'C:\pagefile.sys'
Watchpack Error (stats): Error: EINVAL: invalid argument, lstat 'C:\pagefile.sys'
Watchpack Error (stats): Error: EINVAL: invalid argument, lstat 'C:\pagefile.sys'
Watchpack Error (stats): Error: EINVAL: invalid argument, lstat 'C:\pagefile.sys'
<w> [webpack.cache.PackFileCacheStrategy] Caching failed for pack: Error: ENOENT: no such file or directory, rename 'C:\WEB\portfolio\.next\cache\webpack\client-development\17.pack.gz_' -> 'C:\WEB\portfolio\.next\cache\webpack\client-development\17.pack.gz'
<w> [webpack.cache.PackFileCacheStrategy] Caching failed for pack: Error: ENOENT: no such file or directory, rename 'C:\WEB\portfolio\.next\cache\webpack\client-development\0.pack.gz_' -> 'C:\WEB\portfolio\.next\cache\webpack\client-development\0.pack.gz'
 ⨯ ./app/globals.css:79:5
Syntax error: C:\WEB\portfolio\app\globals.css The `bg-background/76` class does not exist. If `bg-background/76` is a custom class, make sure it is defined within a `@layer` directive.

 [90m 77 | [39m
 [90m 78 | [39m  [33m.section-panel[39m [33m{[39m
[1m[31m>[39m[22m[90m 79 | [39m    [36m@apply[39m rounded-lg border border-border/80 bg-background/76 shadow-sm backdrop-blur[33m;[39m
 [90m    | [39m    [1m[31m^[39m[22m
 [90m 80 | [39m  [33m}[39m
 [90m 81 | [39m
<w> [webpack.cache.PackFileCacheStrategy] Skipped not serializable cache item 'Compilation/modules|C:\WEB\portfolio\node_modules\next\dist\build\webpack\loaders\css-loader\src\index.js??ruleSet[1].rules[14].oneOf[10].use[2]!C:\WEB\portfolio\node_modules\next\dist\build\webpack\loaders\postcss-loader\src\index.js??ruleSet[1].rules[14].oneOf[10].use[3]!C:\WEB\portfolio\app\globals.css': No serializer registered for PostCSSSyntaxError
<w> while serializing webpack/lib/cache/PackFileCacheStrategy.PackContentItems -> webpack/lib/NormalModule -> webpack/lib/ModuleBuildError -> PostCSSSyntaxError
[TypeError: Cannot read properties of undefined (reading '/_app')]
 ⨯ [TypeError: Cannot read properties of undefined (reading '/_app')]
 ⨯ [TypeError: Cannot read properties of undefined (reading '/_app')]
[TypeError: Cannot read properties of undefined (reading '/_app')]
 ⨯ [TypeError: Cannot read properties of undefined (reading '/_app')]
[TypeError: Cannot read properties of undefined (reading '/_app')]
[TypeError: Cannot read properties of undefined (reading '/_app')]
 ⨯ [TypeError: Cannot read properties of undefined (reading '/_app')]
[TypeError: Cannot read properties of undefined (reading '/_app')]
Watchpack Error (stats): Error: EINVAL: invalid argument, lstat 'C:\pagefile.sys'
Watchpack Error (stats): Error: EINVAL: invalid argument, lstat 'C:\pagefile.sys'
Watchpack Error (stats): Error: EINVAL: invalid argument, lstat 'C:\pagefile.sys'
Watchpack Error (stats): Error: EINVAL: invalid argument, lstat 'C:\pagefile.sys'
Watchpack Error (stats): Error: EINVAL: invalid argument, lstat 'C:\pagefile.sys'
Watchpack Error (stats): Error: EINVAL: invalid argument, lstat 'C:\pagefile.sys'
Watchpack Error (stats): Error: EINVAL: invalid argument, lstat 'C:\pagefile.sys'
Watchpack Error (stats): Error: EINVAL: invalid argument, lstat 'C:\pagefile.sys'
Watchpack Error (stats): Error: EINVAL: invalid argument, lstat 'C:\pagefile.sys'
Watchpack Error (stats): Error: EINVAL: invalid argument, lstat 'C:\pagefile.sys'
Watchpack Error (stats): Error: EINVAL: invalid argument, lstat 'C:\pagefile.sys'
Watchpack Error (stats): Error: EINVAL: invalid argument, lstat 'C:\pagefile.sys'
Watchpack Error (stats): Error: EINVAL: invalid argument, lstat 'C:\pagefile.sys'
Watchpack Error (stats): Error: EINVAL: invalid argument, lstat 'C:\pagefile.sys'
Watchpack Error (stats): Error: EINVAL: invalid argument, lstat 'C:\pagefile.sys'
Watchpack Error (stats): Error: EINVAL: invalid argument, lstat 'C:\pagefile.sys'
Watchpack Error (stats): Error: EINVAL: invalid argument, lstat 'C:\pagefile.sys'
Watchpack Error (stats): Error: EINVAL: invalid argument, lstat 'C:\pagefile.sys'
<w> [webpack.cache.PackFileCacheStrategy] Caching failed for pack: Error: ENOENT: no such file or directory, rename 'C:\WEB\portfolio\.next\cache\webpack\server-development\8.pack.gz_' -> 'C:\WEB\portfolio\.next\cache\webpack\server-development\8.pack.gz'
 ⨯ ./app/globals.css:79:5
Syntax error: C:\WEB\portfolio\app\globals.css The `bg-background/76` class does not exist. If `bg-background/76` is a custom class, make sure it is defined within a `@layer` directive.

 [90m 77 | [39m
 [90m 78 | [39m  [33m.section-panel[39m [33m{[39m
[1m[31m>[39m[22m[90m 79 | [39m    [36m@apply[39m rounded-lg border border-border/80 bg-background/76 shadow-sm backdrop-blur[33m;[39m
 [90m    | [39m    [1m[31m^[39m[22m
 [90m 80 | [39m  [33m}[39m
 [90m 81 | [39m
 ⨯ ./app/globals.css:79:5
Syntax error: C:\WEB\portfolio\app\globals.css The `bg-background/76` class does not exist. If `bg-background/76` is a custom class, make sure it is defined within a `@layer` directive.

 [90m 77 | [39m
 [90m 78 | [39m  [33m.section-panel[39m [33m{[39m
[1m[31m>[39m[22m[90m 79 | [39m    [36m@apply[39m rounded-lg border border-border/80 bg-background/76 shadow-sm backdrop-blur[33m;[39m
 [90m    | [39m    [1m[31m^[39m[22m
 [90m 80 | [39m  [33m}[39m
 [90m 81 | [39m
[TypeError: Cannot read properties of undefined (reading '/_app')]
 ⨯ [TypeError: Cannot read properties of undefined (reading '/_app')]
 ⨯ [TypeError: Cannot read properties of undefined (reading '/_app')]
[TypeError: Cannot read properties of undefined (reading '/_app')]
 ⨯ [TypeError: Cannot read properties of undefined (reading '/_app')]
[TypeError: Cannot read properties of undefined (reading '/_app')]
[TypeError: Cannot read properties of undefined (reading '/_app')]
 ⨯ [TypeError: Cannot read properties of undefined (reading '/_app')]
[TypeError: Cannot read properties of undefined (reading '/_app')]
[TypeError: Cannot read properties of undefined (reading '/_app')]
 ⨯ [TypeError: Cannot read properties of undefined (reading '/_app')]
 ⨯ [TypeError: Cannot read properties of undefined (reading '/_app')]
[TypeError: Cannot read properties of undefined (reading '/_app')]
 ⨯ [TypeError: Cannot read properties of undefined (reading '/_app')]
[TypeError: Cannot read properties of undefined (reading '/_app')]
[TypeError: Cannot read properties of undefined (reading '/_app')]
 ⨯ [TypeError: Cannot read properties of undefined (reading '/_app')]
[TypeError: Cannot read properties of undefined (reading '/_app')]
[TypeError: Cannot read properties of undefined (reading '/_app')]
 ⨯ [TypeError: Cannot read properties of undefined (reading '/_app')]
 ⨯ [TypeError: Cannot read properties of undefined (reading '/_app')]
[TypeError: Cannot read properties of undefined (reading '/_app')]
 ⨯ [TypeError: Cannot read properties of undefined (reading '/_app')]
[TypeError: Cannot read properties of undefined (reading '/_app')]
[TypeError: Cannot read properties of undefined (reading '/_app')]
 ⨯ [TypeError: Cannot read properties of undefined (reading '/_app')]
[TypeError: Cannot read properties of undefined (reading '/_app')]
<w> [webpack.cache.PackFileCacheStrategy] Skipped not serializable cache item 'Compilation/modules|C:\WEB\portfolio\node_modules\next\dist\build\webpack\loaders\css-loader\src\index.js??ruleSet[1].rules[14].oneOf[10].use[2]!C:\WEB\portfolio\node_modules\next\dist\build\webpack\loaders\postcss-loader\src\index.js??ruleSet[1].rules[14].oneOf[10].use[3]!C:\WEB\portfolio\app\globals.css': No serializer registered for PostCSSSyntaxError
<w> while serializing webpack/lib/cache/PackFileCacheStrategy.PackContentItems -> webpack/lib/NormalModule -> webpack/lib/ModuleBuildError -> PostCSSSyntaxError
Watchpack Error (stats): Error: EINVAL: invalid argument, lstat 'C:\pagefile.sys'
Watchpack Error (stats): Error: EINVAL: invalid argument, lstat 'C:\pagefile.sys'
Watchpack Error (stats): Error: EINVAL: invalid argument, lstat 'C:\pagefile.sys'
<w> [webpack.cache.PackFileCacheStrategy] Caching failed for pack: Error: ENOENT: no such file or directory, rename 'C:\WEB\portfolio\.next\cache\webpack\client-development\3.pack.gz_' -> 'C:\WEB\portfolio\.next\cache\webpack\client-development\3.pack.gz'
<w> [webpack.cache.PackFileCacheStrategy] Caching failed for pack: Error: ENOENT: no such file or directory, rename 'C:\WEB\portfolio\.next\cache\webpack\server-development\0.pack.gz_' -> 'C:\WEB\portfolio\.next\cache\webpack\server-development\0.pack.gz'
Watchpack Error (stats): Error: EINVAL: invalid argument, lstat 'C:\pagefile.sys'
Watchpack Error (stats): Error: EINVAL: invalid argument, lstat 'C:\pagefile.sys'
Watchpack Error (stats): Error: EINVAL: invalid argument, lstat 'C:\pagefile.sys'
Watchpack Error (stats): Error: EINVAL: invalid argument, lstat 'C:\pagefile.sys'
Watchpack Error (stats): Error: EINVAL: invalid argument, lstat 'C:\pagefile.sys'
Watchpack Error (stats): Error: EINVAL: invalid argument, lstat 'C:\pagefile.sys'
Watchpack Error (stats): Error: EINVAL: invalid argument, lstat 'C:\pagefile.sys'
Watchpack Error (stats): Error: EINVAL: invalid argument, lstat 'C:\pagefile.sys'
Watchpack Error (stats): Error: EINVAL: invalid argument, lstat 'C:\pagefile.sys'
Watchpack Error (stats): Error: EINVAL: invalid argument, lstat 'C:\pagefile.sys'
Watchpack Error (stats): Error: EINVAL: invalid argument, lstat 'C:\pagefile.sys'
Watchpack Error (stats): Error: EINVAL: invalid argument, lstat 'C:\pagefile.sys'
Watchpack Error (stats): Error: EINVAL: invalid argument, lstat 'C:\pagefile.sys'
Watchpack Error (stats): Error: EINVAL: invalid argument, lstat 'C:\pagefile.sys'
Watchpack Error (stats): Error: EINVAL: invalid argument, lstat 'C:\pagefile.sys'
Watchpack Error (stats): Error: EINVAL: invalid argument, lstat 'C:\pagefile.sys'
Watchpack Error (stats): Error: EINVAL: invalid argument, lstat 'C:\pagefile.sys'
Watchpack Error (stats): Error: EINVAL: invalid argument, lstat 'C:\pagefile.sys'
Watchpack Error (stats): Error: EINVAL: invalid argument, lstat 'C:\pagefile.sys'
Watchpack Error (stats): Error: EINVAL: invalid argument, lstat 'C:\pagefile.sys'
Watchpack Error (stats): Error: EINVAL: invalid argument, lstat 'C:\pagefile.sys'
Watchpack Error (stats): Error: EINVAL: invalid argument, lstat 'C:\pagefile.sys'
Watchpack Error (stats): Error: EINVAL: invalid argument, lstat 'C:\pagefile.sys'
Watchpack Error (stats): Error: EINVAL: invalid argument, lstat 'C:\pagefile.sys'
Watchpack Error (stats): Error: EINVAL: invalid argument, lstat 'C:\pagefile.sys'
Watchpack Error (stats): Error: EINVAL: invalid argument, lstat 'C:\pagefile.sys'
Watchpack Error (stats): Error: EINVAL: invalid argument, lstat 'C:\pagefile.sys'
Watchpack Error (stats): Error: EINVAL: invalid argument, lstat 'C:\pagefile.sys'
Watchpack Error (stats): Error: EINVAL: invalid argument, lstat 'C:\pagefile.sys'
Watchpack Error (stats): Error: EINVAL: invalid argument, lstat 'C:\pagefile.sys'
Watchpack Error (stats): Error: EINVAL: invalid argument, lstat 'C:\pagefile.sys'
Watchpack Error (stats): Error: EINVAL: invalid argument, lstat 'C:\pagefile.sys'
Watchpack Error (stats): Error: EINVAL: invalid argument, lstat 'C:\pagefile.sys'
Watchpack Error (stats): Error: EINVAL: invalid argument, lstat 'C:\pagefile.sys'
Watchpack Error (stats): Error: EINVAL: invalid argument, lstat 'C:\pagefile.sys'
Watchpack Error (stats): Error: EINVAL: invalid argument, lstat 'C:\pagefile.sys'
Watchpack Error (stats): Error: EINVAL: invalid argument, lstat 'C:\pagefile.sys'
Watchpack Error (stats): Error: EINVAL: invalid argument, lstat 'C:\pagefile.sys'
Watchpack Error (stats): Error: EINVAL: invalid argument, lstat 'C:\pagefile.sys'
 ⨯ ./app/globals.css:93:5
Syntax error: C:\WEB\portfolio\app\globals.css The `font-display` class does not exist. If `font-display` is a custom class, make sure it is defined within a `@layer` directive.

 [90m 91 | [39m
 [90m 92 | [39m  [33m.display-title[39m [33m{[39m
[1m[31m>[39m[22m[90m 93 | [39m    [36m@apply[39m font-display font-semibold tracking-tight[33m;[39m
 [90m    | [39m    [1m[31m^[39m[22m
 [90m 94 | [39m  [33m}[39m
 [90m 95 | [39m
<w> [webpack.cache.PackFileCacheStrategy] Skipped not serializable cache item 'Compilation/modules|C:\WEB\portfolio\node_modules\next\dist\build\webpack\loaders\css-loader\src\index.js??ruleSet[1].rules[14].oneOf[10].use[2]!C:\WEB\portfolio\node_modules\next\dist\build\webpack\loaders\postcss-loader\src\index.js??ruleSet[1].rules[14].oneOf[10].use[3]!C:\WEB\portfolio\app\globals.css': No serializer registered for PostCSSSyntaxError
<w> while serializing webpack/lib/cache/PackFileCacheStrategy.PackContentItems -> webpack/lib/NormalModule -> webpack/lib/ModuleBuildError -> PostCSSSyntaxError
Watchpack Error (stats): Error: EINVAL: invalid argument, lstat 'C:\pagefile.sys'
Watchpack Error (stats): Error: EINVAL: invalid argument, lstat 'C:\pagefile.sys'
Watchpack Error (stats): Error: EINVAL: invalid argument, lstat 'C:\pagefile.sys'
Watchpack Error (stats): Error: EINVAL: invalid argument, lstat 'C:\pagefile.sys'
Watchpack Error (stats): Error: EINVAL: invalid argument, lstat 'C:\pagefile.sys'
Watchpack Error (stats): Error: EINVAL: invalid argument, lstat 'C:\pagefile.sys'
Watchpack Error (stats): Error: EINVAL: invalid argument, lstat 'C:\pagefile.sys'
Watchpack Error (stats): Error: EINVAL: invalid argument, lstat 'C:\pagefile.sys'
Watchpack Error (stats): Error: EINVAL: invalid argument, lstat 'C:\pagefile.sys'
Watchpack Error (stats): Error: EINVAL: invalid argument, lstat 'C:\pagefile.sys'
Watchpack Error (stats): Error: EINVAL: invalid argument, lstat 'C:\pagefile.sys'
Watchpack Error (stats): Error: EINVAL: invalid argument, lstat 'C:\pagefile.sys'
Watchpack Error (stats): Error: EINVAL: invalid argument, lstat 'C:\pagefile.sys'
Watchpack Error (stats): Error: EINVAL: invalid argument, lstat 'C:\pagefile.sys'
Watchpack Error (stats): Error: EINVAL: invalid argument, lstat 'C:\pagefile.sys'
Watchpack Error (stats): Error: EINVAL: invalid argument, lstat 'C:\pagefile.sys'
Watchpack Error (stats): Error: EINVAL: invalid argument, lstat 'C:\pagefile.sys'
Watchpack Error (stats): Error: EINVAL: invalid argument, lstat 'C:\pagefile.sys'
Watchpack Error (stats): Error: EINVAL: invalid argument, lstat 'C:\pagefile.sys'
Watchpack Error (stats): Error: EINVAL: invalid argument, lstat 'C:\pagefile.sys'
Watchpack Error (stats): Error: EINVAL: invalid argument, lstat 'C:\pagefile.sys'
Watchpack Error (stats): Error: EINVAL: invalid argument, lstat 'C:\pagefile.sys'
Watchpack Error (stats): Error: EINVAL: invalid argument, lstat 'C:\pagefile.sys'
Watchpack Error (stats): Error: EINVAL: invalid argument, lstat 'C:\pagefile.sys'
Watchpack Error (stats): Error: EINVAL: invalid argument, lstat 'C:\pagefile.sys'
Watchpack Error (stats): Error: EINVAL: invalid argument, lstat 'C:\pagefile.sys'
Watchpack Error (stats): Error: EINVAL: invalid argument, lstat 'C:\pagefile.sys'
Watchpack Error (stats): Error: EINVAL: invalid argument, lstat 'C:\pagefile.sys'
Watchpack Error (stats): Error: EINVAL: invalid argument, lstat 'C:\pagefile.sys'
Watchpack Error (stats): Error: EINVAL: invalid argument, lstat 'C:\pagefile.sys'
Watchpack Error (stats): Error: EINVAL: invalid argument, lstat 'C:\pagefile.sys'
Watchpack Error (stats): Error: EINVAL: invalid argument, lstat 'C:\pagefile.sys'
Watchpack Error (stats): Error: EINVAL: invalid argument, lstat 'C:\pagefile.sys'
Watchpack Error (stats): Error: EINVAL: invalid argument, lstat 'C:\pagefile.sys'
Watchpack Error (stats): Error: EINVAL: invalid argument, lstat 'C:\pagefile.sys'
Watchpack Error (stats): Error: EINVAL: invalid argument, lstat 'C:\pagefile.sys'
Watchpack Error (stats): Error: EINVAL: invalid argument, lstat 'C:\pagefile.sys'
Watchpack Error (stats): Error: EINVAL: invalid argument, lstat 'C:\pagefile.sys'
Watchpack Error (stats): Error: EINVAL: invalid argument, lstat 'C:\pagefile.sys'
Watchpack Error (stats): Error: EINVAL: invalid argument, lstat 'C:\pagefile.sys'
Watchpack Error (stats): Error: EINVAL: invalid argument, lstat 'C:\pagefile.sys'
Watchpack Error (stats): Error: EINVAL: invalid argument, lstat 'C:\pagefile.sys'
Watchpack Error (stats): Error: EINVAL: invalid argument, lstat 'C:\pagefile.sys'
Watchpack Error (stats): Error: EINVAL: invalid argument, lstat 'C:\pagefile.sys'
Watchpack Error (stats): Error: EINVAL: invalid argument, lstat 'C:\pagefile.sys'
Watchpack Error (stats): Error: EINVAL: invalid argument, lstat 'C:\pagefile.sys'
Watchpack Error (stats): Error: EINVAL: invalid argument, lstat 'C:\pagefile.sys'
Watchpack Error (stats): Error: EINVAL: invalid argument, lstat 'C:\pagefile.sys'
Watchpack Error (stats): Error: EINVAL: invalid argument, lstat 'C:\pagefile.sys'
Watchpack Error (stats): Error: EINVAL: invalid argument, lstat 'C:\pagefile.sys'
Watchpack Error (stats): Error: EINVAL: invalid argument, lstat 'C:\pagefile.sys'
Watchpack Error (stats): Error: EINVAL: invalid argument, lstat 'C:\pagefile.sys'
Watchpack Error (stats): Error: EINVAL: invalid argument, lstat 'C:\pagefile.sys'
Watchpack Error (stats): Error: EINVAL: invalid argument, lstat 'C:\pagefile.sys'
Watchpack Error (stats): Error: EINVAL: invalid argument, lstat 'C:\pagefile.sys'
Watchpack Error (stats): Error: EINVAL: invalid argument, lstat 'C:\pagefile.sys'
Watchpack Error (stats): Error: EINVAL: invalid argument, lstat 'C:\pagefile.sys'
Watchpack Error (stats): Error: EINVAL: invalid argument, lstat 'C:\pagefile.sys'
Watchpack Error (stats): Error: EINVAL: invalid argument, lstat 'C:\pagefile.sys'
Watchpack Error (stats): Error: EINVAL: invalid argument, lstat 'C:\pagefile.sys'
Watchpack Error (stats): Error: EINVAL: invalid argument, lstat 'C:\pagefile.sys'
Watchpack Error (stats): Error: EINVAL: invalid argument, lstat 'C:\pagefile.sys'
Watchpack Error (stats): Error: EINVAL: invalid argument, lstat 'C:\pagefile.sys'
Watchpack Error (stats): Error: EINVAL: invalid argument, lstat 'C:\pagefile.sys'
Watchpack Error (stats): Error: EINVAL: invalid argument, lstat 'C:\pagefile.sys'
Watchpack Error (stats): Error: EINVAL: invalid argument, lstat 'C:\pagefile.sys'
Watchpack Error (stats): Error: EINVAL: invalid argument, lstat 'C:\pagefile.sys'
Watchpack Error (stats): Error: EINVAL: invalid argument, lstat 'C:\pagefile.sys'
Watchpack Error (stats): Error: EINVAL: invalid argument, lstat 'C:\pagefile.sys'
Watchpack Error (stats): Error: EINVAL: invalid argument, lstat 'C:\pagefile.sys'
Watchpack Error (stats): Error: EINVAL: invalid argument, lstat 'C:\pagefile.sys'
Watchpack Error (stats): Error: EINVAL: invalid argument, lstat 'C:\pagefile.sys'
Watchpack Error (stats): Error: EINVAL: invalid argument, lstat 'C:\pagefile.sys'
Watchpack Error (stats): Error: EINVAL: invalid argument, lstat 'C:\pagefile.sys'
Watchpack Error (stats): Error: EINVAL: invalid argument, lstat 'C:\pagefile.sys'
Watchpack Error (stats): Error: EINVAL: invalid argument, lstat 'C:\pagefile.sys'
Watchpack Error (stats): Error: EINVAL: invalid argument, lstat 'C:\pagefile.sys'
Watchpack Error (stats): Error: EINVAL: invalid argument, lstat 'C:\pagefile.sys'
Watchpack Error (stats): Error: EINVAL: invalid argument, lstat 'C:\pagefile.sys'
Watchpack Error (stats): Error: EINVAL: invalid argument, lstat 'C:\pagefile.sys'
Watchpack Error (stats): Error: EINVAL: invalid argument, lstat 'C:\pagefile.sys'
Watchpack Error (stats): Error: EINVAL: invalid argument, lstat 'C:\pagefile.sys'
Watchpack Error (stats): Error: EINVAL: invalid argument, lstat 'C:\pagefile.sys'
Watchpack Error (stats): Error: EINVAL: invalid argument, lstat 'C:\pagefile.sys'
Watchpack Error (stats): Error: EINVAL: invalid argument, lstat 'C:\pagefile.sys'
Watchpack Error (stats): Error: EINVAL: invalid argument, lstat 'C:\pagefile.sys'
Watchpack Error (stats): Error: EINVAL: invalid argument, lstat 'C:\pagefile.sys'
Watchpack Error (stats): Error: EINVAL: invalid argument, lstat 'C:\pagefile.sys'
Watchpack Error (stats): Error: EINVAL: invalid argument, lstat 'C:\pagefile.sys'
Watchpack Error (stats): Error: EINVAL: invalid argument, lstat 'C:\pagefile.sys'
Watchpack Error (stats): Error: EINVAL: invalid argument, lstat 'C:\pagefile.sys'
Watchpack Error (stats): Error: EINVAL: invalid argument, lstat 'C:\pagefile.sys'
Watchpack Error (stats): Error: EINVAL: invalid argument, lstat 'C:\pagefile.sys'
Watchpack Error (stats): Error: EINVAL: invalid argument, lstat 'C:\pagefile.sys'
Watchpack Error (stats): Error: EINVAL: invalid argument, lstat 'C:\pagefile.sys'
Watchpack Error (stats): Error: EINVAL: invalid argument, lstat 'C:\pagefile.sys'
Watchpack Error (stats): Error: EINVAL: invalid argument, lstat 'C:\pagefile.sys'
Watchpack Error (stats): Error: EINVAL: invalid argument, lstat 'C:\pagefile.sys'
Watchpack Error (stats): Error: EINVAL: invalid argument, lstat 'C:\pagefile.sys'
Watchpack Error (stats): Error: EINVAL: invalid argument, lstat 'C:\pagefile.sys'
Watchpack Error (stats): Error: EINVAL: invalid argument, lstat 'C:\pagefile.sys'
Watchpack Error (stats): Error: EINVAL: invalid argument, lstat 'C:\pagefile.sys'
Watchpack Error (stats): Error: EINVAL: invalid argument, lstat 'C:\pagefile.sys'
Watchpack Error (stats): Error: EINVAL: invalid argument, lstat 'C:\pagefile.sys'
Watchpack Error (stats): Error: EINVAL: invalid argument, lstat 'C:\pagefile.sys'
Watchpack Error (stats): Error: EINVAL: invalid argument, lstat 'C:\pagefile.sys'
Watchpack Error (stats): Error: EINVAL: invalid argument, lstat 'C:\pagefile.sys'
Watchpack Error (stats): Error: EINVAL: invalid argument, lstat 'C:\pagefile.sys'
Watchpack Error (stats): Error: EINVAL: invalid argument, lstat 'C:\pagefile.sys'
Watchpack Error (stats): Error: EINVAL: invalid argument, lstat 'C:\pagefile.sys'
Watchpack Error (stats): Error: EINVAL: invalid argument, lstat 'C:\pagefile.sys'
Watchpack Error (stats): Error: EINVAL: invalid argument, lstat 'C:\pagefile.sys'
Watchpack Error (stats): Error: EINVAL: invalid argument, lstat 'C:\pagefile.sys'
Watchpack Error (stats): Error: EINVAL: invalid argument, lstat 'C:\pagefile.sys'
Watchpack Error (stats): Error: EINVAL: invalid argument, lstat 'C:\pagefile.sys'
Watchpack Error (stats): Error: EINVAL: invalid argument, lstat 'C:\pagefile.sys'
Watchpack Error (stats): Error: EINVAL: invalid argument, lstat 'C:\pagefile.sys'
Watchpack Error (stats): Error: EINVAL: invalid argument, lstat 'C:\pagefile.sys'
Watchpack Error (stats): Error: EINVAL: invalid argument, lstat 'C:\pagefile.sys'
Watchpack Error (stats): Error: EINVAL: invalid argument, lstat 'C:\pagefile.sys'
Watchpack Error (stats): Error: EINVAL: invalid argument, lstat 'C:\pagefile.sys'
Watchpack Error (stats): Error: EINVAL: invalid argument, lstat 'C:\pagefile.sys'
Watchpack Error (stats): Error: EINVAL: invalid argument, lstat 'C:\pagefile.sys'
Watchpack Error (stats): Error: EINVAL: invalid argument, lstat 'C:\pagefile.sys'
Watchpack Error (stats): Error: EINVAL: invalid argument, lstat 'C:\pagefile.sys'
Watchpack Error (stats): Error: EINVAL: invalid argument, lstat 'C:\pagefile.sys'
Watchpack Error (stats): Error: EINVAL: invalid argument, lstat 'C:\pagefile.sys'
Watchpack Error (stats): Error: EINVAL: invalid argument, lstat 'C:\pagefile.sys'
Watchpack Error (stats): Error: EINVAL: invalid argument, lstat 'C:\pagefile.sys'
Watchpack Error (stats): Error: EINVAL: invalid argument, lstat 'C:\pagefile.sys'
Watchpack Error (stats): Error: EINVAL: invalid argument, lstat 'C:\pagefile.sys'
Watchpack Error (stats): Error: EINVAL: invalid argument, lstat 'C:\pagefile.sys'
Watchpack Error (stats): Error: EINVAL: invalid argument, lstat 'C:\pagefile.sys'
<w> [webpack.cache.PackFileCacheStrategy] Skipped not serializable cache item 'Compilation/modules|C:\WEB\portfolio\node_modules\next\dist\build\webpack\loaders\css-loader\src\index.js??ruleSet[1].rules[14].oneOf[10].use[2]!C:\WEB\portfolio\node_modules\next\dist\build\webpack\loaders\postcss-loader\src\index.js??ruleSet[1].rules[14].oneOf[10].use[3]!C:\WEB\portfolio\app\globals.css': No serializer registered for PostCSSSyntaxError
<w> while serializing webpack/lib/cache/PackFileCacheStrategy.PackContentItems -> webpack/lib/NormalModule -> webpack/lib/ModuleBuildError -> PostCSSSyntaxError
<w> [webpack.cache.PackFileCacheStrategy] Caching failed for pack: Error: ENOENT: no such file or directory, rename 'C:\WEB\portfolio\.next\cache\webpack\client-development\14.pack.gz_' -> 'C:\WEB\portfolio\.next\cache\webpack\client-development\14.pack.gz'
 ⨯ ./app/globals.css:93:5
Syntax error: C:\WEB\portfolio\app\globals.css The `font-display` class does not exist. If `font-display` is a custom class, make sure it is defined within a `@layer` directive.

 [90m 91 | [39m
 [90m 92 | [39m  [33m.display-title[39m [33m{[39m
[1m[31m>[39m[22m[90m 93 | [39m    [36m@apply[39m font-display font-semibold tracking-tight[33m;[39m
 [90m    | [39m    [1m[31m^[39m[22m
 [90m 94 | [39m  [33m}[39m
 [90m 95 | [39m
<w> [webpack.cache.PackFileCacheStrategy] Skipped not serializable cache item 'Compilation/modules|C:\WEB\portfolio\node_modules\next\dist\build\webpack\loaders\css-loader\src\index.js??ruleSet[1].rules[14].oneOf[10].use[2]!C:\WEB\portfolio\node_modules\next\dist\build\webpack\loaders\postcss-loader\src\index.js??ruleSet[1].rules[14].oneOf[10].use[3]!C:\WEB\portfolio\app\globals.css': No serializer registered for PostCSSSyntaxError
<w> while serializing webpack/lib/cache/PackFileCacheStrategy.PackContentItems -> webpack/lib/NormalModule -> webpack/lib/ModuleBuildError -> PostCSSSyntaxError
[TypeError: Cannot read properties of undefined (reading '/_app')]
 ⨯ [TypeError: Cannot read properties of undefined (reading '/_app')]
 ⨯ [TypeError: Cannot read properties of undefined (reading '/_app')]
[TypeError: Cannot read properties of undefined (reading '/_app')]
 ⨯ [TypeError: Cannot read properties of undefined (reading '/_app')]
[TypeError: Cannot read properties of undefined (reading '/_app')]
[TypeError: Cannot read properties of undefined (reading '/_app')]
 ⨯ [TypeError: Cannot read properties of undefined (reading '/_app')]
[TypeError: Cannot read properties of undefined (reading '/_app')]
Watchpack Error (stats): Error: EINVAL: invalid argument, lstat 'C:\pagefile.sys'
Watchpack Error (stats): Error: EINVAL: invalid argument, lstat 'C:\pagefile.sys'
Watchpack Error (stats): Error: EINVAL: invalid argument, lstat 'C:\pagefile.sys'
Watchpack Error (stats): Error: EINVAL: invalid argument, lstat 'C:\pagefile.sys'
Watchpack Error (stats): Error: EINVAL: invalid argument, lstat 'C:\pagefile.sys'
Watchpack Error (stats): Error: EINVAL: invalid argument, lstat 'C:\pagefile.sys'
 ⨯ ./app/globals.css:93:5
Syntax error: C:\WEB\portfolio\app\globals.css The `font-display` class does not exist. If `font-display` is a custom class, make sure it is defined within a `@layer` directive.

 [90m 91 | [39m
 [90m 92 | [39m  [33m.display-title[39m [33m{[39m
[1m[31m>[39m[22m[90m 93 | [39m    [36m@apply[39m font-display font-semibold tracking-tight[33m;[39m
 [90m    | [39m    [1m[31m^[39m[22m
 [90m 94 | [39m  [33m}[39m
 [90m 95 | [39m
<w> [webpack.cache.PackFileCacheStrategy] Skipped not serializable cache item 'Compilation/modules|C:\WEB\portfolio\node_modules\next\dist\build\webpack\loaders\css-loader\src\index.js??ruleSet[1].rules[14].oneOf[10].use[2]!C:\WEB\portfolio\node_modules\next\dist\build\webpack\loaders\postcss-loader\src\index.js??ruleSet[1].rules[14].oneOf[10].use[3]!C:\WEB\portfolio\app\globals.css': No serializer registered for PostCSSSyntaxError
<w> while serializing webpack/lib/cache/PackFileCacheStrategy.PackContentItems -> webpack/lib/NormalModule -> webpack/lib/ModuleBuildError -> PostCSSSyntaxError
